<?xml version="1.0" encoding="UTF-8"?>
<!-- Generated by org.testng.reporters.JUnitReportReporter -->
<testsuite hostname="PRASHANTH" failures="0" tests="1" name="com.blazedemo.testscript.BlazeDemoTest1" time="8.496" errors="0" timestamp="2023-06-06T22:08:18 IST" skipped="0">
  <testcase classname="com.blazedemo.testscript.BlazeDemoTest1" name="purchaseTicket" time="8.496"/>
  <system-out/>
</testsuite> <!-- com.blazedemo.testscript.BlazeDemoTest1 -->
