<?xml version="1.0" encoding="UTF-8"?>
<!-- Generated by org.testng.reporters.JUnitReportReporter -->
<testsuite hostname="PRASHANTH" failures="0" tests="1" name="com.blazedemo.testscript.PurchaseTicket" time="10.317" errors="0" timestamp="2023-06-07T22:15:25 IST" skipped="0">
  <testcase classname="com.blazedemo.testscript.PurchaseTicket" name="purchaseFlightTicket" time="10.317"/>
  <system-out>
    <![CDATA[The Ticket1686156323209]]>
  </system-out>
</testsuite> <!-- com.blazedemo.testscript.PurchaseTicket -->
